<?xml version="1.0" encoding="utf-8"?><testsuites><testsuite name="pytest" errors="0" failures="0" skipped="0" tests="9" time="79.486" timestamp="2026-09-06T07:11:55.569852+05:30" hostname="insu-HP-EliteBook-840-G6"><testcase classname="tests.test_navigation" name="test_landing_page_loads" time="2.891" /><testcase classname="tests.test_navigation" name="test_nav_tab_opens_correct_page[NAV_PUBLICATIONS-/publications]" time="15.845" /><testcase classname="tests.test_navigation" name="test_nav_tab_opens_correct_page[NAV_BLOGS-/posts]" time="15.762" /><testcase classname="tests.test_navigation" name="test_nav_tab_opens_correct_page[NAV_SPEAKING-/talks]" time="3.657" /><testcase classname="tests.test_navigation" name="test_nav_tab_opens_correct_page[NAV_PLAYGROUND-/projects]" time="3.219" /><testcase classname="tests.test_navigation" name="test_nav_tab_opens_correct_page[NAV_AI_IN_TESTING-/ai-in-testing]" time="15.178" /><testcase classname="tests.test_navigation" name="test_nav_tab_opens_correct_page[NAV_CV-/cv]" time="3.466" /><testcase classname="tests.test_navigation" name="test_nav_tab_opens_correct_page[NAV_TWIL-/til]" time="15.712" /><testcase classname="tests.test_navigation" name="test_about_me_is_landing_page" time="3.718" /></testsuite></testsuites>